<?xml version="1.0" encoding="UTF-8"?>
<!-- Generated by org.testng.reporters.JUnitXMLReporter -->
<testsuite hostname="macadmins-MacBook-Pro-2.local" ignored="0" name="Sample test" tests="4" failures="1" timestamp="21 Jan 2018 18:58:35 GMT" time="164.08" errors="0">
  <testcase name="executeTest1" time="23.754" classname="TestNG.UITestForAdidasHomePage"/>
  <testcase name="executeTest2" time="34.986" classname="TestNG.UITestForAdidasHomePage"/>
  <testcase name="executeTest3" time="55.004" classname="TestNG.UITestForAdidasHomePage"/>
  <testcase name="executeJSONFromRESTAPI" time="49.994" classname="TestNG.NewTestJSONParserCMSResponse">
    <failure type="org.openqa.selenium.WebDriverException" message="Failed to connect to binary FirefoxBinary(/Applications/Firefox.app/Contents/MacOS/firefox-bin) on port 7055; process output follows: 
6561071526	DeferredSave.webext.sc.lz4	DEBUG	Save changes
1516561071527	DeferredSave.webext.sc.lz4	DEBUG	Save changes
1516561071529	DeferredSave.webext.sc.lz4	DEBUG	Save changes
1516561071529	DeferredSave.webext.sc.lz4	DEBUG	Save changes
1516561071531	DeferredSave.webext.sc.lz4	DEBUG	Save changes
1516561071534	DeferredSave.webext.sc.lz4	DEBUG	Save changes
1516561071554	DeferredSave.addons.json	DEBUG	Starting write
1516561071559	DeferredSave.webext.sc.lz4	DEBUG	Save changes
1516561071559	DeferredSave.webext.sc.lz4	DEBUG	Save changes
1516561071578	DeferredSave.addons.json	DEBUG	Write succeeded
1516561071667	addons.xpi	INFO	Mapping fxdriver@googlecode.com to /var/folders/53/nhcz2kh13j32_9ndtk6krp5m0000gp/T/anonymous2267537028576400698webdriver-profile/extensions/fxdriver@googlecode.com
1516561071667	addons.xpi	DEBUG	Ignoring file entry whose name is not a valid add-on ID: /var/folders/53/nhcz2kh13j32_9ndtk6krp5m0000gp/T/anonymous2267537028576400698webdriver-profile/extensions/webdriver-staging
1516561071667	addons.xpi	DEBUG	Existing add-on fxdriver@googlecode.com in app-profile
1516561071667	addons.xpi	INFO	Mapping aushelper@mozilla.org to /Applications/Firefox.app/Contents/Resources/browser/features/aushelper@mozilla.org.xpi
1516561071667	addons.xpi	INFO	Mapping formautofill@mozilla.org to /Applications/Firefox.app/Contents/Resources/browser/features/formautofill@mozilla.org.xpi
1516561071667	addons.xpi	INFO	Mapping firefox@getpocket.com to /Applications/Firefox.app/Contents/Resources/browser/features/firefox@getpocket.com.xpi
1516561071667	addons.xpi	INFO	Mapping screenshots@mozilla.org to /Applications/Firefox.app/Contents/Resources/browser/features/screenshots@mozilla.org.xpi
1516561071667	addons.xpi	INFO	Mapping activity-stream@mozilla.org to /Applications/Firefox.app/Contents/Resources/browser/features/activity-stream@mozilla.org.xpi
1516561071668	addons.xpi	INFO	Mapping shield-recipe-client@mozilla.org to /Applications/Firefox.app/Contents/Resources/browser/features/shield-recipe-client@mozilla.org.xpi
1516561071668	addons.xpi	INFO	Mapping webcompat@mozilla.org to /Applications/Firefox.app/Contents/Resources/browser/features/webcompat@mozilla.org.xpi
1516561071668	addons.xpi	INFO	Mapping e10srollout@mozilla.org to /Applications/Firefox.app/Contents/Resources/browser/features/e10srollout@mozilla.org.xpi
1516561071668	addons.xpi	INFO	Mapping onboarding@mozilla.org to /Applications/Firefox.app/Contents/Resources/browser/features/onboarding@mozilla.org.xpi
1516561071668	addons.xpi	INFO	Mapping followonsearch@mozilla.com to /Applications/Firefox.app/Contents/Resources/browser/features/followonsearch@mozilla.com.xpi
1516561071668	addons.xpi	DEBUG	Existing add-on aushelper@mozilla.org in app-system-defaults
1516561071668	addons.xpi	DEBUG	Existing add-on formautofill@mozilla.org in app-system-defaults
1516561071668	addons.xpi	DEBUG	Existing add-on firefox@getpocket.com in app-system-defaults
1516561071668	addons.xpi	DEBUG	Existing add-on screenshots@mozilla.org in app-system-defaults
1516561071668	addons.xpi	DEBUG	Existing add-on activity-stream@mozilla.org in app-system-defaults
1516561071668	addons.xpi	DEBUG	Existing add-on shield-recipe-client@mozilla.org in app-system-defaults
1516561071669	addons.xpi	DEBUG	Existing add-on webcompat@mozilla.org in app-system-defaults
1516561071669	addons.xpi	DEBUG	Existing add-on e10srollout@mozilla.org in app-system-defaults
1516561071669	addons.xpi	DEBUG	Existing add-on onboarding@mozilla.org in app-system-defaults
1516561071669	addons.xpi	DEBUG	Existing add-on followonsearch@mozilla.com in app-system-defaults
1516561071669	addons.xpi	INFO	Mapping {972ce4c6-7e08-4474-a285-3208198ce6fd} to /Applications/Firefox.app/Contents/Resources/browser/extensions/{972ce4c6-7e08-4474-a285-3208198ce6fd}.xpi
1516561071669	addons.xpi	DEBUG	Existing add-on {972ce4c6-7e08-4474-a285-3208198ce6fd} in app-global
1516561071670	addons.xpi	DEBUG	getInstallState changed: false, state: {}
1516561076478	DeferredSave.webext.sc.lz4	DEBUG	Starting write
1516561076480	DeferredSave.webext.sc.lz4	DEBUG	Write succeeded

Build info: version: &amp;apos;2.53.1&amp;apos;, revision: &amp;apos;a36b8b1&amp;apos;, time: &amp;apos;2016-06-30 17:32:46&amp;apos;
System info: host: &amp;apos;macadmins-MacBook-Pro-2.local&amp;apos;, ip: &amp;apos;192.168.0.157&amp;apos;, os.name: &amp;apos;Mac OS X&amp;apos;, os.arch: &amp;apos;x86_64&amp;apos;, os.version: &amp;apos;10.11.6&amp;apos;, java.version: &amp;apos;1.8.0_121&amp;apos;
Driver info: driver.version: FirefoxDriver">
      <![CDATA[org.openqa.selenium.WebDriverException: Failed to connect to binary FirefoxBinary(/Applications/Firefox.app/Contents/MacOS/firefox-bin) on port 7055; process output follows: 6561071526DeferredSave.webext.sc.lz4DEBUGSave changes1516561071527DeferredSave.webext.sc.lz4DEBUGSave changes1516561071529DeferredSave.webext.sc.lz4DEBUGSave changes1516561071529DeferredSave.webext.sc.lz4DEBUGSave changes1516561071531DeferredSave.webext.sc.lz4DEBUGSave changes1516561071534DeferredSave.webext.sc.lz4DEBUGSave changes1516561071554DeferredSave.addons.jsonDEBUGStarting write1516561071559DeferredSave.webext.sc.lz4DEBUGSave changes1516561071559DeferredSave.webext.sc.lz4DEBUGSave changes1516561071578DeferredSave.addons.jsonDEBUGWrite succeeded1516561071667addons.xpiINFOMapping fxdriver@googlecode.com to /var/folders/53/nhcz2kh13j32_9ndtk6krp5m0000gp/T/anonymous2267537028576400698webdriver-profile/extensions/fxdriver@googlecode.com1516561071667addons.xpiDEBUGIgnoring file entry whose name is not a valid add-on ID: /var/folders/53/nhcz2kh13j32_9ndtk6krp5m0000gp/T/anonymous2267537028576400698webdriver-profile/extensions/webdriver-staging1516561071667addons.xpiDEBUGExisting add-on fxdriver@googlecode.com in app-profile1516561071667addons.xpiINFOMapping aushelper@mozilla.org to /Applications/Firefox.app/Contents/Resources/browser/features/aushelper@mozilla.org.xpi1516561071667addons.xpiINFOMapping formautofill@mozilla.org to /Applications/Firefox.app/Contents/Resources/browser/features/formautofill@mozilla.org.xpi1516561071667addons.xpiINFOMapping firefox@getpocket.com to /Applications/Firefox.app/Contents/Resources/browser/features/firefox@getpocket.com.xpi1516561071667addons.xpiINFOMapping screenshots@mozilla.org to /Applications/Firefox.app/Contents/Resources/browser/features/screenshots@mozilla.org.xpi1516561071667addons.xpiINFOMapping activity-stream@mozilla.org to /Applications/Firefox.app/Contents/Resources/browser/features/activity-stream@mozilla.org.xpi1516561071668addons.xpiINFOMapping shield-recipe-client@mozilla.org to /Applications/Firefox.app/Contents/Resources/browser/features/shield-recipe-client@mozilla.org.xpi1516561071668addons.xpiINFOMapping webcompat@mozilla.org to /Applications/Firefox.app/Contents/Resources/browser/features/webcompat@mozilla.org.xpi1516561071668addons.xpiINFOMapping e10srollout@mozilla.org to /Applications/Firefox.app/Contents/Resources/browser/features/e10srollout@mozilla.org.xpi1516561071668addons.xpiINFOMapping onboarding@mozilla.org to /Applications/Firefox.app/Contents/Resources/browser/features/onboarding@mozilla.org.xpi1516561071668addons.xpiINFOMapping followonsearch@mozilla.com to /Applications/Firefox.app/Contents/Resources/browser/features/followonsearch@mozilla.com.xpi1516561071668addons.xpiDEBUGExisting add-on aushelper@mozilla.org in app-system-defaults1516561071668addons.xpiDEBUGExisting add-on formautofill@mozilla.org in app-system-defaults1516561071668addons.xpiDEBUGExisting add-on firefox@getpocket.com in app-system-defaults1516561071668addons.xpiDEBUGExisting add-on screenshots@mozilla.org in app-system-defaults1516561071668addons.xpiDEBUGExisting add-on activity-stream@mozilla.org in app-system-defaults1516561071668addons.xpiDEBUGExisting add-on shield-recipe-client@mozilla.org in app-system-defaults1516561071669addons.xpiDEBUGExisting add-on webcompat@mozilla.org in app-system-defaults1516561071669addons.xpiDEBUGExisting add-on e10srollout@mozilla.org in app-system-defaults1516561071669addons.xpiDEBUGExisting add-on onboarding@mozilla.org in app-system-defaults1516561071669addons.xpiDEBUGExisting add-on followonsearch@mozilla.com in app-system-defaults1516561071669addons.xpiINFOMapping {972ce4c6-7e08-4474-a285-3208198ce6fd} to /Applications/Firefox.app/Contents/Resources/browser/extensions/{972ce4c6-7e08-4474-a285-3208198ce6fd}.xpi1516561071669addons.xpiDEBUGExisting add-on {972ce4c6-7e08-4474-a285-3208198ce6fd} in app-global1516561071670addons.xpiDEBUGgetInstallState changed: false, state: {}1516561076478DeferredSave.webext.sc.lz4DEBUGStarting write1516561076480DeferredSave.webext.sc.lz4DEBUGWrite succeededBuild info: version: '2.53.1', revision: 'a36b8b1', time: '2016-06-30 17:32:46'System info: host: 'macadmins-MacBook-Pro-2.local', ip: '192.168.0.157', os.name: 'Mac OS X', os.arch: 'x86_64', os.version: '10.11.6', java.version: '1.8.0_121'Driver info: driver.version: FirefoxDriverat org.openqa.selenium.firefox.internal.NewProfileExtensionConnection.start(NewProfileExtensionConnection.java:124)at org.openqa.selenium.firefox.FirefoxDriver.startClient(FirefoxDriver.java:271)at org.openqa.selenium.remote.RemoteWebDriver.<init>(RemoteWebDriver.java:119)at org.openqa.selenium.firefox.FirefoxDriver.<init>(FirefoxDriver.java:218)at org.openqa.selenium.firefox.FirefoxDriver.<init>(FirefoxDriver.java:211)at org.openqa.selenium.firefox.FirefoxDriver.<init>(FirefoxDriver.java:207)at org.openqa.selenium.firefox.FirefoxDriver.<init>(FirefoxDriver.java:120)at com.adidas.automation.RestAPICall.executeURL(RestAPICall.java:145)at com.adidas.automation.RestAPICall.callRestfulAPI(RestAPICall.java:48)at TestNG.NewTestJSONParserCMSResponse.executeJSONFromRESTAPI(NewTestJSONParserCMSResponse.java:47)Caused by: org.openqa.selenium.firefox.NotConnectedException: Unable to connect to host 127.0.0.1 on port 7055 after 45000 ms. Firefox console output:6561071526DeferredSave.webext.sc.lz4DEBUGSave changes1516561071527DeferredSave.webext.sc.lz4DEBUGSave changes1516561071529DeferredSave.webext.sc.lz4DEBUGSave changes1516561071529DeferredSave.webext.sc.lz4DEBUGSave changes1516561071531DeferredSave.webext.sc.lz4DEBUGSave changes1516561071534DeferredSave.webext.sc.lz4DEBUGSave changes1516561071554DeferredSave.addons.jsonDEBUGStarting write1516561071559DeferredSave.webext.sc.lz4DEBUGSave changes1516561071559DeferredSave.webext.sc.lz4DEBUGSave changes1516561071578DeferredSave.addons.jsonDEBUGWrite succeeded1516561071667addons.xpiINFOMapping fxdriver@googlecode.com to /var/folders/53/nhcz2kh13j32_9ndtk6krp5m0000gp/T/anonymous2267537028576400698webdriver-profile/extensions/fxdriver@googlecode.com1516561071667addons.xpiDEBUGIgnoring file entry whose name is not a valid add-on ID: /var/folders/53/nhcz2kh13j32_9ndtk6krp5m0000gp/T/anonymous2267537028576400698webdriver-profile/extensions/webdriver-staging1516561071667addons.xpiDEBUGExisting add-on fxdriver@googlecode.com in app-profile1516561071667addons.xpiINFOMapping aushelper@mozilla.org to /Applications/Firefox.app/Contents/Resources/browser/features/aushelper@mozilla.org.xpi1516561071667addons.xpiINFOMapping formautofill@mozilla.org to /Applications/Firefox.app/Contents/Resources/browser/features/formautofill@mozilla.org.xpi1516561071667addons.xpiINFOMapping firefox@getpocket.com to /Applications/Firefox.app/Contents/Resources/browser/features/firefox@getpocket.com.xpi1516561071667addons.xpiINFOMapping screenshots@mozilla.org to /Applications/Firefox.app/Contents/Resources/browser/features/screenshots@mozilla.org.xpi1516561071667addons.xpiINFOMapping activity-stream@mozilla.org to /Applications/Firefox.app/Contents/Resources/browser/features/activity-stream@mozilla.org.xpi1516561071668addons.xpiINFOMapping shield-recipe-client@mozilla.org to /Applications/Firefox.app/Contents/Resources/browser/features/shield-recipe-client@mozilla.org.xpi1516561071668addons.xpiINFOMapping webcompat@mozilla.org to /Applications/Firefox.app/Contents/Resources/browser/features/webcompat@mozilla.org.xpi1516561071668addons.xpiINFOMapping e10srollout@mozilla.org to /Applications/Firefox.app/Contents/Resources/browser/features/e10srollout@mozilla.org.xpi1516561071668addons.xpiINFOMapping onboarding@mozilla.org to /Applications/Firefox.app/Contents/Resources/browser/features/onboarding@mozilla.org.xpi1516561071668addons.xpiINFOMapping followonsearch@mozilla.com to /Applications/Firefox.app/Contents/Resources/browser/features/followonsearch@mozilla.com.xpi1516561071668addons.xpiDEBUGExisting add-on aushelper@mozilla.org in app-system-defaults1516561071668addons.xpiDEBUGExisting add-on formautofill@mozilla.org in app-system-defaults1516561071668addons.xpiDEBUGExisting add-on firefox@getpocket.com in app-system-defaults1516561071668addons.xpiDEBUGExisting add-on screenshots@mozilla.org in app-system-defaults1516561071668addons.xpiDEBUGExisting add-on activity-stream@mozilla.org in app-system-defaults1516561071668addons.xpiDEBUGExisting add-on shield-recipe-client@mozilla.org in app-system-defaults1516561071669addons.xpiDEBUGExisting add-on webcompat@mozilla.org in app-system-defaults1516561071669addons.xpiDEBUGExisting add-on e10srollout@mozilla.org in app-system-defaults1516561071669addons.xpiDEBUGExisting add-on onboarding@mozilla.org in app-system-defaults1516561071669addons.xpiDEBUGExisting add-on followonsearch@mozilla.com in app-system-defaults1516561071669addons.xpiINFOMapping {972ce4c6-7e08-4474-a285-3208198ce6fd} to /Applications/Firefox.app/Contents/Resources/browser/extensions/{972ce4c6-7e08-4474-a285-3208198ce6fd}.xpi1516561071669addons.xpiDEBUGExisting add-on {972ce4c6-7e08-4474-a285-3208198ce6fd} in app-global1516561071670addons.xpiDEBUGgetInstallState changed: false, state: {}1516561076478DeferredSave.webext.sc.lz4DEBUGStarting write1516561076480DeferredSave.webext.sc.lz4DEBUGWrite succeededat org.openqa.selenium.firefox.internal.NewProfileExtensionConnection.start(NewProfileExtensionConnection.java:112)... 34 more... Removed 25 stack frames]]>
    </failure>
  </testcase> <!-- executeJSONFromRESTAPI -->
</testsuite> <!-- Sample test -->
